<?xml version="1.0" encoding="UTF-8"?>
<!-- Generated by org.testng.reporters.JUnitReportReporter -->
<testsuite hostname="CORAL-DEMO" name="excel.ExcelDP" tests="3" failures="0" timestamp="29 Mar 2017 11:04:32 GMT" time="0.062" errors="0">
  <testcase name="WriteToExcel" time="0.000" classname="excel.ExcelDP"/>
  <testcase name="WriteToExcel" time="0.062" classname="excel.ExcelDP"/>
  <testcase name="WriteToExcel" time="0.000" classname="excel.ExcelDP"/>
</testsuite> <!-- excel.ExcelDP -->
