<?xml version="1.0" encoding="UTF-8"?>
<!-- Generated by org.testng.reporters.JUnitReportReporter -->
<testsuite hostname="My-Laptop" name="framework.Echo__DDF" tests="3" failures="0" timestamp="29 Jul 2020 13:50:02 GMT" time="229.885" errors="0">
  <testcase name="f" time="65.254" classname="framework.Echo__DDF"/>
  <testcase name="f" time="30.487" classname="framework.Echo__DDF"/>
  <testcase name="f" time="134.144" classname="framework.Echo__DDF"/>
</testsuite> <!-- framework.Echo__DDF -->
