<?xml version="1.0" encoding="UTF-8"?>
<!-- Generated by org.testng.reporters.JUnitReportReporter -->
<testsuite hostname="RUBY-DEMO" name="framework.EchoTrakKDF" tests="1" failures="0" timestamp="12 Feb 2017 06:26:13 GMT" time="1.275" errors="0">
  <testcase name="echoTrakLogin" time="1.275" classname="framework.EchoTrakKDF"/>
</testsuite> <!-- framework.EchoTrakKDF -->
