<?xml version="1.0" encoding="UTF-8"?>
<!-- Generated by org.testng.reporters.JUnitReportReporter -->
<testsuite hostname="CORAL-DEMO" name="testNG.FirtTest" tests="3" failures="0" timestamp="29 Mar 2017 04:32:54 GMT" time="24.740" errors="0">
  <testcase name="visitYahoo" time="11.876" classname="testNG.FirtTest"/>
  <testcase name="visitLive" time="4.837" classname="testNG.FirtTest"/>
  <testcase name="visitGoogle" time="8.027" classname="testNG.FirtTest"/>
</testsuite> <!-- testNG.FirtTest -->
