<?xml version="1.0" encoding="UTF-8"?>
<!-- Generated by org.testng.reporters.JUnitReportReporter -->
<testsuite skipped="0" hostname="Lab1Faculty" name="excel.ReadExcel" tests="1" failures="0" timestamp="01 Aug 2017 07:01:41 GMT" time="0.016" errors="0">
  <testcase name="ReadFromExcel" time="0.016" classname="excel.ReadExcel"/>
</testsuite> <!-- excel.ReadExcel -->
