<?xml version="1.0" encoding="UTF-8"?>
<!-- Generated by org.testng.reporters.JUnitReportReporter -->
<testsuite hostname="My-Laptop" name="framework.EchoTrakDDF" tests="3" failures="0" timestamp="31 Jul 2020 06:49:40 GMT" time="7.911" errors="0">
  <testcase name="EchoTrakLogin" time="2.513" classname="framework.EchoTrakDDF"/>
  <testcase name="EchoTrakLogin" time="1.946" classname="framework.EchoTrakDDF"/>
  <testcase name="EchoTrakLogin" time="3.452" classname="framework.EchoTrakDDF"/>
</testsuite> <!-- framework.EchoTrakDDF -->
