<?xml version="1.0" encoding="UTF-8"?>
<!-- Generated by org.testng.reporters.JUnitReportReporter -->
<testsuite hostname="RUBY-DEMO" name="testNG.EchoTrakDP" tests="3" failures="0" timestamp="11 Feb 2017 08:54:34 GMT" time="5.929" errors="0">
  <testcase name="echoTrakLogin" time="1.796" classname="testNG.EchoTrakDP"/>
  <testcase name="echoTrakLogin" time="1.822" classname="testNG.EchoTrakDP"/>
  <testcase name="echoTrakLogin" time="2.311" classname="testNG.EchoTrakDP"/>
</testsuite> <!-- testNG.EchoTrakDP -->
