<?xml version="1.0" encoding="UTF-8"?>
<!-- Generated by org.testng.reporters.JUnitReportReporter -->
<testsuite hostname="CORAL-DEMO" name="google.GoogleLinks" tests="3" failures="0" timestamp="29 Mar 2017 07:06:25 GMT" time="30.036" errors="0">
  <testcase name="Business" time="10.214" classname="google.GoogleLinks"/>
  <testcase name="About" time="7.539" classname="google.GoogleLinks"/>
  <testcase name="Advertising" time="12.283" classname="google.GoogleLinks"/>
</testsuite> <!-- google.GoogleLinks -->
