<?xml version="1.0" encoding="UTF-8"?>
<!-- Generated by org.testng.reporters.JUnitReportReporter -->
<testsuite hostname="My-Laptop" name="pomTest.RediffLoginPageTest" tests="3" failures="0" timestamp="29 Jul 2020 12:24:54 GMT" time="48.969" errors="0">
  <testcase name="checkAlert" time="0.610" classname="pomTest.RediffLoginPageTest"/>
  <testcase name="checkCreateAcLink" time="47.957" classname="pomTest.RediffLoginPageTest"/>
  <testcase name="checkStatus" time="0.402" classname="pomTest.RediffLoginPageTest"/>
</testsuite> <!-- pomTest.RediffLoginPageTest -->
